<?xml version="1.0" encoding="UTF-8" ?>
<testsuites disabled="0" errors="0" failures="0" tests="2" time="0.106">
 <testsuite name="Cart suite:" timestamp="2018-06-26T14:27:42" hostname="localhost" time="0.106" errors="0" tests="2" skipped="0" disabled="0" failures="0">
  <testcase classname="Cart suite:" name="Retrive by email" time="0.002" />
  <testcase classname="Cart suite:" name="Should update cart" time="0" />
 </testsuite>
</testsuites>