<?xml version="1.0" encoding="UTF-8" ?>
<testsuites disabled="0" errors="0" failures="0" tests="2" time="0.071">
 <testsuite name="Product Suite:" timestamp="2018-06-25T22:21:41" hostname="localhost" time="0.071" errors="0" tests="2" skipped="0" disabled="0" failures="0">
  <testcase classname="Product Suite:" name="Product by category" time="0.017" />
  <testcase classname="Product Suite:" name="search product" time="0.002" />
 </testsuite>
</testsuites>