<?xml version="1.0" encoding="UTF-8" ?>
<testsuites disabled="0" errors="0" failures="0" tests="2" time="0.061">
 <testsuite name="User Suite:" timestamp="2018-06-25T22:44:56" hostname="localhost" time="0.061" errors="0" tests="2" skipped="0" disabled="0" failures="0">
  <testcase classname="User Suite:" name="login" time="0.017" />
  <testcase classname="User Suite:" name="detail" time="0.001" />
 </testsuite>
</testsuites>